This is pdfTeX, Version 3.141592653-2.6-1.40.24 (TeX Live 2022) (preloaded format=pdflatex 2022.6.29)  7 OCT 2022 22:26
entering extended mode
 restricted \write18 enabled.
 %&-line parsing enabled.
**hw2sol.tex
(./hw2sol.tex
LaTeX2e <2021-11-15> patch level 1
L3 programming layer <2022-02-24>
(e:/LaTex/texlive/2022/texmf-dist/tex/latex/base/article.cls
Document Class: article 2021/10/04 v1.4n Standard LaTeX document class
(e:/LaTex/texlive/2022/texmf-dist/tex/latex/base/size10.clo
File: size10.clo 2021/10/04 v1.4n Standard LaTeX file (size option)
)
\c@part=\count185
\c@section=\count186
\c@subsection=\count187
\c@subsubsection=\count188
\c@paragraph=\count189
\c@subparagraph=\count190
\c@figure=\count191
\c@table=\count192
\abovecaptionskip=\skip47
\belowcaptionskip=\skip48
\bibindent=\dimen138
)
(e:/LaTex/texlive/2022/texmf-dist/tex/latex/amsmath/amsmath.sty
Package: amsmath 2021/10/15 v2.17l AMS math features
\@mathmargin=\skip49

For additional information on amsmath, use the `?' option.
(e:/LaTex/texlive/2022/texmf-dist/tex/latex/amsmath/amstext.sty
Package: amstext 2021/08/26 v2.01 AMS text

(e:/LaTex/texlive/2022/texmf-dist/tex/latex/amsmath/amsgen.sty
File: amsgen.sty 1999/11/30 v2.0 generic functions
\@emptytoks=\toks16
\ex@=\dimen139
))
(e:/LaTex/texlive/2022/texmf-dist/tex/latex/amsmath/amsbsy.sty
Package: amsbsy 1999/11/29 v1.2d Bold Symbols
\pmbraise@=\dimen140
)
(e:/LaTex/texlive/2022/texmf-dist/tex/latex/amsmath/amsopn.sty
Package: amsopn 2021/08/26 v2.02 operator names
)
\inf@bad=\count193
LaTeX Info: Redefining \frac on input line 234.
\uproot@=\count194
\leftroot@=\count195
LaTeX Info: Redefining \overline on input line 399.
\classnum@=\count196
\DOTSCASE@=\count197
LaTeX Info: Redefining \ldots on input line 496.
LaTeX Info: Redefining \dots on input line 499.
LaTeX Info: Redefining \cdots on input line 620.
\Mathstrutbox@=\box50
\strutbox@=\box51
\big@size=\dimen141
LaTeX Font Info:    Redeclaring font encoding OML on input line 743.
LaTeX Font Info:    Redeclaring font encoding OMS on input line 744.
\macc@depth=\count198
\c@MaxMatrixCols=\count199
\dotsspace@=\muskip16
\c@parentequation=\count266
\dspbrk@lvl=\count267
\tag@help=\toks17
\row@=\count268
\column@=\count269
\maxfields@=\count270
\andhelp@=\toks18
\eqnshift@=\dimen142
\alignsep@=\dimen143
\tagshift@=\dimen144
\tagwidth@=\dimen145
\totwidth@=\dimen146
\lineht@=\dimen147
\@envbody=\toks19
\multlinegap=\skip50
\multlinetaggap=\skip51
\mathdisplay@stack=\toks20
LaTeX Info: Redefining \[ on input line 2938.
LaTeX Info: Redefining \] on input line 2939.
)
(e:/LaTex/texlive/2022/texmf-dist/tex/latex/amscls/amsthm.sty
Package: amsthm 2020/05/29 v2.20.6
\thm@style=\toks21
\thm@bodyfont=\toks22
\thm@headfont=\toks23
\thm@notefont=\toks24
\thm@headpunct=\toks25
\thm@preskip=\skip52
\thm@postskip=\skip53
\thm@headsep=\skip54
\dth@everypar=\toks26
)
(e:/LaTex/texlive/2022/texmf-dist/tex/latex/esint/esint.sty
Package: esint 
\symlargesymbolsA=\mathgroup4
)
(e:/LaTex/texlive/2022/texmf-dist/tex/latex/paralist/paralist.sty
Package: paralist 2017/01/22 v2.7 Extended list environments
\pltopsep=\skip55
\plpartopsep=\skip56
\plitemsep=\skip57
\plparsep=\skip58
\pl@lab=\toks27
)
(e:/LaTex/texlive/2022/texmf-dist/tex/latex/graphics/graphics.sty
Package: graphics 2021/03/04 v1.4d Standard LaTeX Graphics (DPC,SPQR)

(e:/LaTex/texlive/2022/texmf-dist/tex/latex/graphics/trig.sty
Package: trig 2021/08/11 v1.11 sin cos tan (DPC)
)
(e:/LaTex/texlive/2022/texmf-dist/tex/latex/graphics-cfg/graphics.cfg
File: graphics.cfg 2016/06/04 v1.11 sample graphics configuration
)
Package graphics Info: Driver file: pdftex.def on input line 107.

(e:/LaTex/texlive/2022/texmf-dist/tex/latex/graphics-def/pdftex.def
File: pdftex.def 2020/10/05 v1.2a Graphics/color driver for pdftex
))
(e:/LaTex/texlive/2022/texmf-dist/tex/latex/graphics/epsfig.sty
Package: epsfig 2017/06/25 v1.7b (e)psfig emulation (SPQR)

(e:/LaTex/texlive/2022/texmf-dist/tex/latex/graphics/graphicx.sty
Package: graphicx 2021/09/16 v1.2d Enhanced LaTeX Graphics (DPC,SPQR)

(e:/LaTex/texlive/2022/texmf-dist/tex/latex/graphics/keyval.sty
Package: keyval 2014/10/28 v1.15 key=value parser (DPC)
\KV@toks@=\toks28
)
\Gin@req@height=\dimen148
\Gin@req@width=\dimen149
)
\epsfxsize=\dimen150
\epsfysize=\dimen151
)
(e:/LaTex/texlive/2022/texmf-dist/tex/latex/caption/caption.sty
Package: caption 2022/03/01 v3.6b Customizing captions (AR)

(e:/LaTex/texlive/2022/texmf-dist/tex/latex/caption/caption3.sty
Package: caption3 2022/03/17 v2.3b caption3 kernel (AR)
\caption@tempdima=\dimen152
\captionmargin=\dimen153
\caption@leftmargin=\dimen154
\caption@rightmargin=\dimen155
\caption@width=\dimen156
\caption@indent=\dimen157
\caption@parindent=\dimen158
\caption@hangindent=\dimen159
Package caption Info: Standard document class detected.
)
\c@caption@flags=\count271
\c@continuedfloat=\count272
)
(e:/LaTex/texlive/2022/texmf-dist/tex/latex/caption/subcaption.sty
Package: subcaption 2022/01/07 v1.5 Sub-captions (AR)
\c@subfigure=\count273
\c@subtable=\count274
)
(e:/LaTex/texlive/2022/texmf-dist/tex/latex/epstopdf-pkg/epstopdf.sty
Package: epstopdf 2020-01-24 v2.11 Conversion with epstopdf on the fly (HO)

(e:/LaTex/texlive/2022/texmf-dist/tex/generic/infwarerr/infwarerr.sty
Package: infwarerr 2019/12/03 v1.5 Providing info/warning/error messages (HO)
)
(e:/LaTex/texlive/2022/texmf-dist/tex/latex/grfext/grfext.sty
Package: grfext 2019/12/03 v1.3 Manage graphics extensions (HO)

(e:/LaTex/texlive/2022/texmf-dist/tex/generic/kvdefinekeys/kvdefinekeys.sty
Package: kvdefinekeys 2019-12-19 v1.6 Define keys (HO)
))
(e:/LaTex/texlive/2022/texmf-dist/tex/latex/kvoptions/kvoptions.sty
Package: kvoptions 2020-10-07 v3.14 Key value format for package options (HO)

(e:/LaTex/texlive/2022/texmf-dist/tex/generic/ltxcmds/ltxcmds.sty
Package: ltxcmds 2020-05-10 v1.25 LaTeX kernel commands for general use (HO)
)
(e:/LaTex/texlive/2022/texmf-dist/tex/generic/kvsetkeys/kvsetkeys.sty
Package: kvsetkeys 2019/12/15 v1.18 Key value parser (HO)
))
(e:/LaTex/texlive/2022/texmf-dist/tex/generic/pdftexcmds/pdftexcmds.sty
Package: pdftexcmds 2020-06-27 v0.33 Utility functions of pdfTeX for LuaTeX (HO
)

(e:/LaTex/texlive/2022/texmf-dist/tex/generic/iftex/iftex.sty
Package: iftex 2022/02/03 v1.0f TeX engine tests
)
Package pdftexcmds Info: \pdf@primitive is available.
Package pdftexcmds Info: \pdf@ifprimitive is available.
Package pdftexcmds Info: \pdfdraftmode found.
)
(e:/LaTex/texlive/2022/texmf-dist/tex/latex/epstopdf-pkg/epstopdf-base.sty
Package: epstopdf-base 2020-01-24 v2.11 Base part for package epstopdf
Package epstopdf-base Info: Redefining graphics rule for `.eps' on input line 4
85.
Package grfext Info: Graphics extension search list:
(grfext)             [.pdf,.png,.jpg,.mps,.jpeg,.jbig2,.jb2,.PDF,.PNG,.JPG,.JPE
G,.JBIG2,.JB2,.eps]
(grfext)             \AppendGraphicsExtensions on input line 504.

(e:/LaTex/texlive/2022/texmf-dist/tex/latex/latexconfig/epstopdf-sys.cfg
File: epstopdf-sys.cfg 2010/07/13 v1.3 Configuration of (r)epstopdf for TeX Liv
e
)))
(e:/LaTex/texlive/2022/texmf-dist/tex/latex/hyperref/hyperref.sty
Package: hyperref 2022-02-21 v7.00n Hypertext links for LaTeX

(e:/LaTex/texlive/2022/texmf-dist/tex/generic/pdfescape/pdfescape.sty
Package: pdfescape 2019/12/09 v1.15 Implements pdfTeX's escape features (HO)
)
(e:/LaTex/texlive/2022/texmf-dist/tex/latex/hycolor/hycolor.sty
Package: hycolor 2020-01-27 v1.10 Color options for hyperref/bookmark (HO)
)
(e:/LaTex/texlive/2022/texmf-dist/tex/latex/letltxmacro/letltxmacro.sty
Package: letltxmacro 2019/12/03 v1.6 Let assignment for LaTeX macros (HO)
)
(e:/LaTex/texlive/2022/texmf-dist/tex/latex/auxhook/auxhook.sty
Package: auxhook 2019-12-17 v1.6 Hooks for auxiliary files (HO)
)
\@linkdim=\dimen160
\Hy@linkcounter=\count275
\Hy@pagecounter=\count276

(e:/LaTex/texlive/2022/texmf-dist/tex/latex/hyperref/pd1enc.def
File: pd1enc.def 2022-02-21 v7.00n Hyperref: PDFDocEncoding definition (HO)
Now handling font encoding PD1 ...
... no UTF-8 mapping file for font encoding PD1
)
(e:/LaTex/texlive/2022/texmf-dist/tex/generic/intcalc/intcalc.sty
Package: intcalc 2019/12/15 v1.3 Expandable calculations with integers (HO)
)
(e:/LaTex/texlive/2022/texmf-dist/tex/generic/etexcmds/etexcmds.sty
Package: etexcmds 2019/12/15 v1.7 Avoid name clashes with e-TeX commands (HO)
)
\Hy@SavedSpaceFactor=\count277

(e:/LaTex/texlive/2022/texmf-dist/tex/latex/hyperref/puenc.def
File: puenc.def 2022-02-21 v7.00n Hyperref: PDF Unicode definition (HO)
Now handling font encoding PU ...
... no UTF-8 mapping file for font encoding PU
)
Package hyperref Info: Option `colorlinks' set `true' on input line 4018.
Package hyperref Info: Hyper figures OFF on input line 4137.
Package hyperref Info: Link nesting OFF on input line 4142.
Package hyperref Info: Hyper index ON on input line 4145.
Package hyperref Info: Plain pages OFF on input line 4152.
Package hyperref Info: Backreferencing OFF on input line 4157.
Package hyperref Info: Implicit mode ON; LaTeX internals redefined.
Package hyperref Info: Bookmarks ON on input line 4390.
\c@Hy@tempcnt=\count278

(e:/LaTex/texlive/2022/texmf-dist/tex/latex/url/url.sty
\Urlmuskip=\muskip17
Package: url 2013/09/16  ver 3.4  Verb mode for urls, etc.
)
LaTeX Info: Redefining \url on input line 4749.
\XeTeXLinkMargin=\dimen161

(e:/LaTex/texlive/2022/texmf-dist/tex/generic/bitset/bitset.sty
Package: bitset 2019/12/09 v1.3 Handle bit-vector datatype (HO)

(e:/LaTex/texlive/2022/texmf-dist/tex/generic/bigintcalc/bigintcalc.sty
Package: bigintcalc 2019/12/15 v1.5 Expandable calculations on big integers (HO
)
))
\Fld@menulength=\count279
\Field@Width=\dimen162
\Fld@charsize=\dimen163
Package hyperref Info: Hyper figures OFF on input line 6027.
Package hyperref Info: Link nesting OFF on input line 6032.
Package hyperref Info: Hyper index ON on input line 6035.
Package hyperref Info: backreferencing OFF on input line 6042.
Package hyperref Info: Link coloring ON on input line 6045.
Package hyperref Info: Link coloring with OCG OFF on input line 6052.
Package hyperref Info: PDF/A mode OFF on input line 6057.
LaTeX Info: Redefining \ref on input line 6097.
LaTeX Info: Redefining \pageref on input line 6101.

(e:/LaTex/texlive/2022/texmf-dist/tex/latex/base/atbegshi-ltx.sty
Package: atbegshi-ltx 2021/01/10 v1.0c Emulation of the original atbegshi
package with kernel methods
)
\Hy@abspage=\count280
\c@Item=\count281
\c@Hfootnote=\count282
)
Package hyperref Info: Driver (autodetected): hpdftex.

(e:/LaTex/texlive/2022/texmf-dist/tex/latex/hyperref/hpdftex.def
File: hpdftex.def 2022-02-21 v7.00n Hyperref driver for pdfTeX

(e:/LaTex/texlive/2022/texmf-dist/tex/latex/base/atveryend-ltx.sty
Package: atveryend-ltx 2020/08/19 v1.0a Emulation of the original atveryend pac
kage
with kernel methods
)
\Fld@listcount=\count283
\c@bookmark@seq@number=\count284

(e:/LaTex/texlive/2022/texmf-dist/tex/latex/rerunfilecheck/rerunfilecheck.sty
Package: rerunfilecheck 2019/12/05 v1.9 Rerun checks for auxiliary files (HO)

(e:/LaTex/texlive/2022/texmf-dist/tex/generic/uniquecounter/uniquecounter.sty
Package: uniquecounter 2019/12/15 v1.4 Provide unlimited unique counter (HO)
)
Package uniquecounter Info: New unique counter `rerunfilecheck' on input line 2
86.
)
\Hy@SectionHShift=\skip59
) (e:/LaTex/texlive/2022/texmf-dist/tex/latex/multirow/multirow.sty
Package: multirow 2021/03/15 v2.8 Span multiple rows of a table
\multirow@colwidth=\skip60
\multirow@cntb=\count285
\multirow@dima=\skip61
\bigstrutjot=\dimen164
)
(e:/LaTex/texlive/2022/texmf-dist/tex/plain/amsfonts/amssym.tex
(e:/LaTex/texlive/2022/texmf-dist/tex/plain/amsfonts/amssym.def
\msafam=\mathgroup5
\msbfam=\mathgroup6
\eufmfam=\mathgroup7
))
\c@theorem=\count286
\c@corollary=\count287
\c@proposition=\count288
\c@conjecture=\count289
\c@solution=\count290
\c@remark=\count291

(e:/LaTex/texlive/2022/texmf-dist/tex/latex/l3backend/l3backend-pdftex.def
File: l3backend-pdftex.def 2022-02-07 L3 backend support: PDF output (pdfTeX)
\l__color_backend_stack_int=\count292
\l__pdf_internal_box=\box52
)

LaTeX Warning: Unused global option(s):
    [6pt].

No file hw2sol.aux.
\openout1 = `hw2sol.aux'.

LaTeX Font Info:    Checking defaults for OML/cmm/m/it on input line 99.
LaTeX Font Info:    ... okay on input line 99.
LaTeX Font Info:    Checking defaults for OMS/cmsy/m/n on input line 99.
LaTeX Font Info:    ... okay on input line 99.
LaTeX Font Info:    Checking defaults for OT1/cmr/m/n on input line 99.
LaTeX Font Info:    ... okay on input line 99.
LaTeX Font Info:    Checking defaults for T1/cmr/m/n on input line 99.
LaTeX Font Info:    ... okay on input line 99.
LaTeX Font Info:    Checking defaults for TS1/cmr/m/n on input line 99.
LaTeX Font Info:    ... okay on input line 99.
LaTeX Font Info:    Checking defaults for OMX/cmex/m/n on input line 99.
LaTeX Font Info:    ... okay on input line 99.
LaTeX Font Info:    Checking defaults for U/cmr/m/n on input line 99.
LaTeX Font Info:    ... okay on input line 99.
LaTeX Font Info:    Checking defaults for PD1/pdf/m/n on input line 99.
LaTeX Font Info:    ... okay on input line 99.
LaTeX Font Info:    Checking defaults for PU/pdf/m/n on input line 99.
LaTeX Font Info:    ... okay on input line 99.
(e:/LaTex/texlive/2022/texmf-dist/tex/context/base/mkii/supp-pdf.mkii
[Loading MPS to PDF converter (version 2006.09.02).]
\scratchcounter=\count293
\scratchdimen=\dimen165
\scratchbox=\box53
\nofMPsegments=\count294
\nofMParguments=\count295
\everyMPshowfont=\toks29
\MPscratchCnt=\count296
\MPscratchDim=\dimen166
\MPnumerator=\count297
\makeMPintoPDFobject=\count298
\everyMPtoPDFconversion=\toks30
)
Package caption Info: Begin \AtBeginDocument code.
Package caption Info: hyperref package is loaded.
Package caption Info: End \AtBeginDocument code.
 (e:/LaTex/texlive/2022/texmf-dist/tex/latex/graphics/color.sty
Package: color 2021/12/07 v1.3c Standard LaTeX Color (DPC)

(e:/LaTex/texlive/2022/texmf-dist/tex/latex/graphics-cfg/color.cfg
File: color.cfg 2016/01/02 v1.6 sample color configuration
)
Package color Info: Driver file: pdftex.def on input line 149.
)
Package hyperref Info: Link coloring ON on input line 99.

(e:/LaTex/texlive/2022/texmf-dist/tex/latex/hyperref/nameref.sty
Package: nameref 2021-04-02 v2.47 Cross-referencing by name of section

(e:/LaTex/texlive/2022/texmf-dist/tex/latex/refcount/refcount.sty
Package: refcount 2019/12/15 v3.6 Data extraction from label references (HO)
)
(e:/LaTex/texlive/2022/texmf-dist/tex/generic/gettitlestring/gettitlestring.sty
Package: gettitlestring 2019/12/15 v1.6 Cleanup title references (HO)
)
\c@section@level=\count299
)
LaTeX Info: Redefining \ref on input line 99.
LaTeX Info: Redefining \pageref on input line 99.
LaTeX Info: Redefining \nameref on input line 99.
\@outlinefile=\write3
\openout3 = `hw2sol.out'.

LaTeX Font Info:    Trying to load font information for U+esint on input line 1
01.
 (e:/LaTex/texlive/2022/texmf-dist/tex/latex/esint/uesint.fd
File: uesint.fd 
)
Underfull \hbox (badness 10000) in paragraph at lines 102--104

 []


LaTeX Warning: Reference `1' on page 1 undefined on input line 120.


LaTeX Warning: Reference `1' on page 1 undefined on input line 120.


LaTeX Warning: Reference `2' on page 1 undefined on input line 126.


LaTeX Warning: Reference `2' on page 1 undefined on input line 126.


LaTeX Warning: Reference `2' on page 1 undefined on input line 130.


Underfull \hbox (badness 10000) in paragraph at lines 140--141

 []

[1

{e:/LaTex/texlive/2022/texmf-var/fonts/map/pdftex/updmap/pdftex.map}]

LaTeX Warning: File `pipe.png' not found on input line 168.


! Package pdftex.def Error: File `pipe.png' not found: using draft setting.

See the pdftex.def package documentation for explanation.
Type  H <return>  for immediate help.
 ...                                              
                                                  
l.168 ...s[height=4in,width=3in,angle=0]{pipe.png}
                                                  
Try typing  <return>  to proceed.
If that doesn't work, type  X <return>  to quit.

[2]

! LaTeX Error: Invalid UTF-8 byte "A8.

See the LaTeX manual or LaTeX Companion for explanation.
Type  H <return>  for immediate help.
 ...                                              
                                                  
l.197 ...s $\kappa_1$ and $\kappa_2$ respectively¨
                                                  C
The document does not appear to be in UTF-8 encoding.
Try adding \UseRawInputEncoding as the first line of the file
or specify an encoding such as \usepackage [latin1]{inputenc}
in the document preamble.
Alternatively, save the file in UTF-8 using your editor or another tool

[3]

LaTeX Warning: Reference `5' on page 4 undefined on input line 207.


LaTeX Warning: Reference `6' on page 4 undefined on input line 207.


LaTeX Warning: File `drawing.png' not found on input line 214.


! Package pdftex.def Error: File `drawing.png' not found: using draft setting.

See the pdftex.def package documentation for explanation.
Type  H <return>  for immediate help.
 ...                                              
                                                  
l.214 ...raphics[width=0.4\textwidth]{drawing.png}
                                                  
Try typing  <return>  to proceed.
If that doesn't work, type  X <return>  to quit.


LaTeX Warning: Reference `a' on page 4 undefined on input line 230.


LaTeX Warning: Reference `b' on page 4 undefined on input line 230.


LaTeX Warning: Reference `c' on page 4 undefined on input line 230.

[4]

LaTeX Warning: Reference `1' on page 5 undefined on input line 289.


LaTeX Warning: Reference `1' on page 5 undefined on input line 293.


LaTeX Warning: Reference `04' on page 5 undefined on input line 303.


LaTeX Warning: Reference `04' on page 5 undefined on input line 309.


LaTeX Warning: Reference `04' on page 5 undefined on input line 309.

[5]

LaTeX Warning: Reference `1' on page 6 undefined on input line 319.


LaTeX Warning: Reference `1' on page 6 undefined on input line 323.

[6]

LaTeX Warning: Reference `nonlinear' on page 7 undefined on input line 368.


LaTeX Warning: Reference `decay' on page 7 undefined on input line 370.


LaTeX Warning: Reference `1' on page 7 undefined on input line 380.


LaTeX Warning: Reference `wave' on page 7 undefined on input line 413.

[7] [8]

LaTeX Warning: Reference `1dheat' on page 9 undefined on input line 487.


LaTeX Warning: Reference `1dheat' on page 9 undefined on input line 491.


LaTeX Warning: Reference `1dheat' on page 9 undefined on input line 496.


LaTeX Warning: File `hw3figure21.eps' not found on input line 502.

Package epstopdf Info: Source file: <hw3figure21.eps>
(epstopdf)             Output file: <hw3figure21-eps-converted-to.pdf>
(epstopdf)             Command: <repstopdf --outfile=hw3figure21-eps-converted-
to.pdf hw3figure21.eps>
(epstopdf)             \includegraphics on input line 502.
Package epstopdf Info: Output file is already uptodate.

! Package pdftex.def Error: File `hw3figure21-eps-converted-to.pdf' not found: 
using draft setting.

See the pdftex.def package documentation for explanation.
Type  H <return>  for immediate help.
 ...                                              
                                                  
l.502 ...s[width=0.485\textwidth]{hw3figure21.eps}
                                                  \hspace{-8mm}
Try typing  <return>  to proceed.
If that doesn't work, type  X <return>  to quit.


LaTeX Warning: File `hw3figure22.eps' not found on input line 503.

Package epstopdf Info: Source file: <hw3figure22.eps>
(epstopdf)             Output file: <hw3figure22-eps-converted-to.pdf>
(epstopdf)             Command: <repstopdf --outfile=hw3figure22-eps-converted-
to.pdf hw3figure22.eps>
(epstopdf)             \includegraphics on input line 503.
Package epstopdf Info: Output file is already uptodate.

! Package pdftex.def Error: File `hw3figure22-eps-converted-to.pdf' not found: 
using draft setting.

See the pdftex.def package documentation for explanation.
Type  H <return>  for immediate help.
 ...                                              
                                                  
l.503 ...s[width=0.485\textwidth]{hw3figure22.eps}
                                                  
Try typing  <return>  to proceed.
If that doesn't work, type  X <return>  to quit.


LaTeX Warning: `h' float specifier changed to `ht'.


LaTeX Warning: File `hw3figure23.eps' not found on input line 509.

Package epstopdf Info: Source file: <hw3figure23.eps>
(epstopdf)             Output file: <hw3figure23-eps-converted-to.pdf>
(epstopdf)             Command: <repstopdf --outfile=hw3figure23-eps-converted-
to.pdf hw3figure23.eps>
(epstopdf)             \includegraphics on input line 509.
Package epstopdf Info: Output file is already uptodate.

! Package pdftex.def Error: File `hw3figure23-eps-converted-to.pdf' not found: 
using draft setting.

See the pdftex.def package documentation for explanation.
Type  H <return>  for immediate help.
 ...                                              
                                                  
l.509 ...cs[width=0.75\textwidth]{hw3figure23.eps}
                                                  
Try typing  <return>  to proceed.
If that doesn't work, type  X <return>  to quit.


LaTeX Warning: `h' float specifier changed to `ht'.


LaTeX Warning: Reference `convergence' on page 9 undefined on input line 515.


LaTeX Warning: Reference `approx' on page 9 undefined on input line 515.

[9]

LaTeX Warning: Reference `1dheatnbc' on page 10 undefined on input line 531.


LaTeX Warning: Reference `1dheatnbc' on page 10 undefined on input line 533.


LaTeX Warning: Reference `1dheatnbc' on page 10 undefined on input line 535.


LaTeX Warning: Reference `1dheat' on page 10 undefined on input line 539.

[10]

LaTeX Warning: File `hw2NBC.jpg' not found on input line 561.


! Package pdftex.def Error: File `hw2NBC.jpg' not found: using draft setting.

See the pdftex.def package documentation for explanation.
Type  H <return>  for immediate help.
 ...                                              
                                                  
l.561 ...aphics[width=0.495\textwidth]{hw2NBC.jpg}
                                                  
Try typing  <return>  to proceed.
If that doesn't work, type  X <return>  to quit.


LaTeX Warning: File `hw2NBC-blowup.jpg' not found on input line 562.


! Package pdftex.def Error: File `hw2NBC-blowup.jpg' not found: using draft set
ting.

See the pdftex.def package documentation for explanation.
Type  H <return>  for immediate help.
 ...                                              
                                                  
l.562 ...width=0.495\textwidth]{hw2NBC-blowup.jpg}
                                                  
Try typing  <return>  to proceed.
If that doesn't work, type  X <return>  to quit.

[11] [12] (./hw2sol.aux)

LaTeX Warning: There were undefined references.


LaTeX Warning: Label(s) may have changed. Rerun to get cross-references right.


Package rerunfilecheck Warning: File `hw2sol.out' has changed.
(rerunfilecheck)                Rerun to get outlines right
(rerunfilecheck)                or use package `bookmark'.

Package rerunfilecheck Info: Checksums for `hw2sol.out':
(rerunfilecheck)             Before: <no file>
(rerunfilecheck)             After:  D41D8CD98F00B204E9800998ECF8427E;0.
 ) 
Here is how much of TeX's memory you used:
 11345 strings out of 478268
 182804 string characters out of 5847351
 468371 words of memory out of 5000000
 29328 multiletter control sequences out of 15000+600000
 479653 words of font info for 70 fonts, out of 8000000 for 9000
 1141 hyphenation exceptions out of 8191
 60i,12n,63p,743b,569s stack positions out of 10000i,1000n,20000p,200000b,200000s
<e:/LaTex/texlive/2022/texmf-dist/fonts/type1/public/amsfonts/cm/cmbx10.pfb><
e:/LaTex/texlive/2022/texmf-dist/fonts/type1/public/amsfonts/cm/cmbx12.pfb><e:/
LaTex/texlive/2022/texmf-dist/fonts/type1/public/amsfonts/cm/cmbx7.pfb><e:/LaTe
x/texlive/2022/texmf-dist/fonts/type1/public/amsfonts/cm/cmbxti10.pfb><e:/LaTex
/texlive/2022/texmf-dist/fonts/type1/public/amsfonts/cm/cmex10.pfb><e:/LaTex/te
xlive/2022/texmf-dist/fonts/type1/public/amsfonts/cm/cmmi10.pfb><e:/LaTex/texli
ve/2022/texmf-dist/fonts/type1/public/amsfonts/cm/cmmi5.pfb><e:/LaTex/texlive/2
022/texmf-dist/fonts/type1/public/amsfonts/cm/cmmi7.pfb><e:/LaTex/texlive/2022/
texmf-dist/fonts/type1/public/amsfonts/cm/cmr10.pfb><e:/LaTex/texlive/2022/texm
f-dist/fonts/type1/public/amsfonts/cm/cmr17.pfb><e:/LaTex/texlive/2022/texmf-di
st/fonts/type1/public/amsfonts/cm/cmr5.pfb><e:/LaTex/texlive/2022/texmf-dist/fo
nts/type1/public/amsfonts/cm/cmr7.pfb><e:/LaTex/texlive/2022/texmf-dist/fonts/t
ype1/public/amsfonts/cm/cmsy10.pfb><e:/LaTex/texlive/2022/texmf-dist/fonts/type
1/public/amsfonts/cm/cmsy5.pfb><e:/LaTex/texlive/2022/texmf-dist/fonts/type1/pu
blic/amsfonts/cm/cmsy7.pfb><e:/LaTex/texlive/2022/texmf-dist/fonts/type1/public
/amsfonts/cm/cmti10.pfb><e:/LaTex/texlive/2022/texmf-dist/fonts/type1/public/am
sfonts/cm/cmtt10.pfb><e:/LaTex/texlive/2022/texmf-dist/fonts/type1/public/esint
-type1/esint10.pfb><e:/LaTex/texlive/2022/texmf-dist/fonts/type1/public/amsfont
s/symbols/msbm10.pfb>
Output written on hw2sol.pdf (12 pages, 268630 bytes).
PDF statistics:
 218 PDF objects out of 1000 (max. 8388607)
 164 compressed objects within 2 object streams
 63 named destinations out of 1000 (max. 500000)
 1 words of extra memory for PDF output out of 10000 (max. 10000000)

